synchroniser/build/intermediates/manifest_merge_blame_file/debug/manifest-merger-blame-debug-report.txt
1<?xml version="1.0" encoding="utf-8"?>
2<manifest xmlns:android="http://schemas.android.com/apk/res/android"
3    package="com.apporioinfolabs.synchroniser"
4    android:versionCode="1"
5    android:versionName="1.9.9" >
6
7    <uses-sdk
8        android:minSdkVersion="15"
8-->src/main/AndroidManifest.xml
9        android:targetSdkVersion="29" />
9-->src/main/AndroidManifest.xml
10
11    <uses-permission android:name="android.permission.INTERNET" />
11-->src/main/AndroidManifest.xml:5:5-67
11-->src/main/AndroidManifest.xml:5:22-64
12    <uses-permission android:name="android.permission.ACCESS_NETWORK_STATE" />
12-->src/main/AndroidManifest.xml:7:5-78
12-->src/main/AndroidManifest.xml:7:22-76
13    <uses-permission android:name="android.permission.ACCESS_FINE_LOCATION" />
13-->src/main/AndroidManifest.xml:8:5-79
13-->src/main/AndroidManifest.xml:8:22-76
14    <uses-permission android:name="android.permission.ACCESS_COARSE_LOCATION" />
14-->src/main/AndroidManifest.xml:9:5-81
14-->src/main/AndroidManifest.xml:9:22-78
15    <uses-permission android:name="android.permission.CHANGE_WIFI_STATE" />
15-->src/main/AndroidManifest.xml:10:5-76
15-->src/main/AndroidManifest.xml:10:22-73
16    <uses-permission android:name="android.permission.FOREGROUND_SERVICE" />
16-->src/main/AndroidManifest.xml:11:5-77
16-->src/main/AndroidManifest.xml:11:22-74
17
18    <application
18-->src/main/AndroidManifest.xml:13:5-24:19
19        android:allowBackup="true"
19-->src/main/AndroidManifest.xml:14:9-35
20        android:supportsRtl="true"
20-->src/main/AndroidManifest.xml:15:9-35
21        android:usesCleartextTraffic="true" >
21-->src/main/AndroidManifest.xml:16:9-44
22        <service android:name="com.apporioinfolabs.synchroniser.AtsLocationService" />
22-->src/main/AndroidManifest.xml:17:9-54
22-->src/main/AndroidManifest.xml:17:18-52
23
24        <activity android:name="com.apporioinfolabs.synchroniser.ATSLocationActivity" />
24-->src/main/AndroidManifest.xml:18:9-66
24-->src/main/AndroidManifest.xml:18:19-54
25
26        <receiver android:name="com.apporioinfolabs.synchroniser.NotificationActionReceiver" />
26-->src/main/AndroidManifest.xml:19:9-64
26-->src/main/AndroidManifest.xml:19:19-61
27    </application>
28
29</manifest>